BEGIN;
BEGIN
EXPLAIN (ANALYZE, BUFFERS)
select
	c_custkey,
	c_name,
	sum(l_extendedprice * (1 - l_discount)) as revenue,
	c_acctbal,
	n_name,
	c_address,
	c_phone,
	c_comment
from
	customer,
	orders,
	lineitem,
	nation
where
	c_custkey = o_custkey
	and l_orderkey = o_orderkey
	and o_orderdate >= date '1994-10-01'
	and o_orderdate < cast(date '1994-10-01' + interval '3 month' as date)
	and l_returnflag = 'R'
	and c_nationkey = n_nationkey
group by
	c_custkey,
	c_name,
	c_acctbal,
	c_phone,
	n_name,
	c_address,
	c_comment
order by
	revenue desc
LIMIT 20;
                                                                                               QUERY PLAN                                                                                                
---------------------------------------------------------------------------------------------------------------------------------------------------------------------------------------------------------
 Limit  (cost=2274212.89..2274212.94 rows=20 width=175) (actual time=35280.526..35280.532 rows=20 loops=1)
   Buffers: shared hit=757305 read=597983
   ->  Sort  (cost=2274212.89..2275634.64 rows=568697 width=175) (actual time=35280.523..35280.527 rows=20 loops=1)
         Sort Key: (sum((lineitem.l_extendedprice * (1::double precision - lineitem.l_discount))))
         Sort Method: top-N heapsort  Memory: 30kB
         Buffers: shared hit=757305 read=597983
         ->  HashAggregate  (cost=2253393.10..2259080.07 rows=568697 width=175) (actual time=34950.067..35142.326 rows=382158 loops=1)
               Group Key: customer.c_custkey, customer.c_name, customer.c_acctbal, customer.c_phone, nation.n_name, customer.c_address, customer.c_comment
               Buffers: shared hit=757302 read=597983
               ->  Hash Join  (cost=344227.74..2239175.68 rows=568697 width=175) (actual time=11072.557..33090.211 rows=1151430 loops=1)
                     Hash Cond: (customer.c_nationkey = nation.n_nationkey)
                     Buffers: shared hit=757302 read=597983
                     ->  Hash Join  (cost=344226.18..2231354.53 rows=568697 width=153) (actual time=11072.532..32682.158 rows=1151430 loops=1)
                           Hash Cond: (orders.o_custkey = customer.c_custkey)
                           Buffers: shared hit=757301 read=597983
                           ->  Hash Join  (cost=275198.18..2153796.07 rows=568697 width=12) (actual time=9439.313..30269.946 rows=1151430 loops=1)
                                 Hash Cond: (lineitem.l_orderkey = orders.o_orderkey)
                                 Buffers: shared hit=757299 read=562707
                                 ->  Seq Scan on lineitem  (cost=0.00..1817041.60 rows=14898486 width=12) (actual time=0.011..17714.124 rows=14822992 loops=1)
                                       Filter: (l_returnflag = 'R'::bpchar)
                                       Rows Removed by Filter: 45222677
                                       Buffers: shared hit=757295 read=309178
                                 ->  Hash  (cost=268033.88..268033.88 rows=573144 width=8) (actual time=9435.736..9435.736 rows=574973 loops=1)
                                       Buckets: 1048576  Batches: 1  Memory Usage: 30652kB
                                       Buffers: shared hit=4 read=253529
                                       ->  Bitmap Heap Scan on orders  (cost=5914.72..268033.88 rows=573144 width=8) (actual time=27.908..9165.436 rows=574973 loops=1)
                                             Recheck Cond: ((o_orderdate >= '1994-10-01'::date) AND (o_orderdate < '1995-01-01'::date))
                                             Rows Removed by Index Recheck: 14440027
                                             Heap Blocks: lossy=253522
                                             Buffers: shared hit=4 read=253529
                                             ->  Bitmap Index Scan on orders_o_orderkey_o_orderdate_brin_idx  (cost=0.00..5771.44 rows=573144 width=0) (actual time=27.630..27.630 rows=2535680 loops=1)
                                                   Index Cond: ((o_orderdate >= '1994-10-01'::date) AND (o_orderdate < '1995-01-01'::date))
                                                   Buffers: shared hit=2 read=9
                           ->  Hash  (cost=50278.00..50278.00 rows=1500000 width=145) (actual time=1627.233..1627.233 rows=1500000 loops=1)
                                 Buckets: 2097152  Batches: 1  Memory Usage: 281501kB
                                 Buffers: shared hit=2 read=35276
                                 ->  Seq Scan on customer  (cost=0.00..50278.00 rows=1500000 width=145) (actual time=0.004..840.390 rows=1500000 loops=1)
                                       Buffers: shared hit=2 read=35276
                     ->  Hash  (cost=1.25..1.25 rows=25 width=30) (actual time=0.017..0.017 rows=25 loops=1)
                           Buckets: 1024  Batches: 1  Memory Usage: 10kB
                           Buffers: shared hit=1
                           ->  Seq Scan on nation  (cost=0.00..1.25 rows=25 width=30) (actual time=0.004..0.010 rows=25 loops=1)
                                 Buffers: shared hit=1
 Planning time: 4.237 ms
 Execution time: 35288.379 ms
(45 rows)

COMMIT;
COMMIT
