BEGIN;
BEGIN
EXPLAIN (ANALYZE, BUFFERS)
select
	l_shipmode,
	sum(case
		when o_orderpriority = '1-URGENT'
			or o_orderpriority = '2-HIGH'
			then 1
		else 0
	end) as high_line_count,
	sum(case
		when o_orderpriority <> '1-URGENT'
			and o_orderpriority <> '2-HIGH'
			then 1
		else 0
	end) as low_line_count
from
	orders,
	lineitem
where
	o_orderkey = l_orderkey
	and l_shipmode in ('FOB', 'TRUCK')
	and l_commitdate < l_receiptdate
	and l_shipdate < l_commitdate
	and l_receiptdate >= date '1994-01-01'
	and l_receiptdate < date '1994-01-01' + interval '1 year'
group by
	l_shipmode
order by
	l_shipmode;
                                                                                                                            QUERY PLAN                                                                                                                            
------------------------------------------------------------------------------------------------------------------------------------------------------------------------------------------------------------------------------------------------------------------
 Sort  (cost=3023005.18..3023005.19 rows=1 width=27) (actual time=34695.830..34695.830 rows=2 loops=1)
   Sort Key: lineitem.l_shipmode
   Sort Method: quicksort  Memory: 25kB
   Buffers: shared hit=720420 read=599583
   ->  HashAggregate  (cost=3023005.16..3023005.17 rows=1 width=27) (actual time=34695.773..34695.774 rows=2 loops=1)
         Group Key: lineitem.l_shipmode
         Buffers: shared hit=720415 read=599583
         ->  Hash Join  (cost=591359.14..3017925.84 rows=290247 width=27) (actual time=9571.516..34371.887 rows=311491 loops=1)
               Hash Cond: (lineitem.l_orderkey = orders.o_orderkey)
               Buffers: shared hit=720415 read=599583
               ->  Seq Scan on lineitem  (cost=0.00..2417496.48 rows=290247 width=15) (actual time=0.064..24425.593 rows=311491 loops=1)
                     Filter: ((l_shipmode = ANY ('{FOB,TRUCK}'::bpchar[])) AND (l_commitdate < l_receiptdate) AND (l_shipdate < l_commitdate) AND (l_receiptdate >= '1994-01-01'::date) AND (l_receiptdate < '1995-01-01 00:00:00'::timestamp without time zone))
                     Rows Removed by Filter: 59734178
                     Buffers: shared hit=594227 read=472246
               ->  Hash  (cost=403671.84..403671.84 rows=15014984 width=20) (actual time=9526.739..9526.739 rows=15015000 loops=1)
                     Buckets: 16777216  Batches: 1  Memory Usage: 893553kB
                     Buffers: shared hit=126185 read=127337
                     ->  Seq Scan on orders  (cost=0.00..403671.84 rows=15014984 width=20) (actual time=0.007..4981.097 rows=15015000 loops=1)
                           Buffers: shared hit=126185 read=127337
 Planning time: 2.877 ms
 Execution time: 34699.990 ms
(21 rows)

COMMIT;
COMMIT
