BEGIN;
BEGIN
EXPLAIN (ANALYZE, BUFFERS)
select
	s_name,
	count(*) as numwait
from
	supplier,
	lineitem l1,
	orders,
	nation
where
	s_suppkey = l1.l_suppkey
	and o_orderkey = l1.l_orderkey
	and o_orderstatus = 'F'
	and l1.l_receiptdate > l1.l_commitdate
	and exists (
		select
			*
		from
			lineitem l2
		where
			l2.l_orderkey = l1.l_orderkey
			and l2.l_suppkey <> l1.l_suppkey
	)
	and not exists (
		select
			*
		from
			lineitem l3
		where
			l3.l_orderkey = l1.l_orderkey
			and l3.l_suppkey <> l1.l_suppkey
			and l3.l_receiptdate > l3.l_commitdate
	)
	and s_nationkey = n_nationkey
	and n_name = 'JORDAN'
group by
	s_name
order by
	numwait desc,
	s_name
LIMIT 100;
                                                                                                  QUERY PLAN                                                                                                  
--------------------------------------------------------------------------------------------------------------------------------------------------------------------------------------------------------------
 Limit  (cost=2845264.37..2845264.38 rows=1 width=26) (actual time=42463.491..42463.505 rows=100 loops=1)
   Buffers: shared hit=13434388 read=720337
   ->  Sort  (cost=2845264.37..2845264.38 rows=1 width=26) (actual time=42463.490..42463.498 rows=100 loops=1)
         Sort Key: (count(*)), supplier.s_name
         Sort Method: top-N heapsort  Memory: 32kB
         Buffers: shared hit=13434388 read=720337
         ->  HashAggregate  (cost=2845264.35..2845264.36 rows=1 width=26) (actual time=42461.280..42462.322 rows=3933 loops=1)
               Group Key: supplier.s_name
               Buffers: shared hit=13434380 read=720337
               ->  Nested Loop Anti Join  (cost=2406.88..2845264.35 rows=1 width=26) (actual time=39.518..42398.430 rows=39132 loops=1)
                     Buffers: shared hit=13434380 read=720337
                     ->  Nested Loop Semi Join  (cost=2406.31..2845262.57 rows=1 width=34) (actual time=39.299..39674.307 rows=695071 loops=1)
                           Join Filter: (orders.o_orderkey = l2.l_orderkey)
                           Buffers: shared hit=9946809 read=717686
                           ->  Nested Loop  (cost=2405.75..2323951.25 rows=390184 width=38) (actual time=39.280..34558.676 rows=721541 loops=1)
                                 Buffers: shared hit=6496842 read=554514
                                 ->  Hash Join  (cost=2405.31..1902509.85 rows=800607 width=34) (actual time=39.259..26864.840 rows=1493627 loops=1)
                                       Hash Cond: (l1.l_suppkey = supplier.s_suppkey)
                                       Buffers: shared hit=536435 read=532223
                                       ->  Seq Scan on lineitem l1  (cost=0.00..1817041.60 rows=20015163 width=8) (actual time=0.005..20784.691 rows=37967116 loops=1)
                                             Filter: (l_receiptdate > l_commitdate)
                                             Rows Removed by Filter: 22078553
                                             Buffers: shared hit=534252 read=532221
                                       ->  Hash  (cost=2355.31..2355.31 rows=4000 width=30) (actual time=39.210..39.210 rows=3933 loops=1)
                                             Buckets: 4096  Batches: 1  Memory Usage: 278kB
                                             Buffers: shared hit=2180 read=2
                                             ->  Nested Loop  (cost=43.00..2355.31 rows=4000 width=30) (actual time=0.294..38.095 rows=3933 loops=1)
                                                   Buffers: shared hit=2180 read=2
                                                   ->  Seq Scan on nation  (cost=0.00..1.31 rows=1 width=4) (actual time=0.005..0.009 rows=1 loops=1)
                                                         Filter: (n_name = 'JORDAN'::bpchar)
                                                         Rows Removed by Filter: 24
                                                         Buffers: shared hit=1
                                                   ->  Bitmap Heap Scan on supplier  (cost=43.00..2314.00 rows=4000 width=34) (actual time=0.280..37.414 rows=3933 loops=1)
                                                         Recheck Cond: (s_nationkey = nation.n_nationkey)
                                                         Rows Removed by Index Recheck: 96067
                                                         Heap Blocks: lossy=2179
                                                         Buffers: shared hit=2179 read=2
                                                         ->  Bitmap Index Scan on supplier_s_nationkey_s_suppkey_brin_idx  (cost=0.00..42.00 rows=4000 width=0) (actual time=0.262..0.262 rows=23040 loops=1)
                                                               Index Cond: (s_nationkey = nation.n_nationkey)
                                                               Buffers: shared read=2
                                 ->  Index Scan using pk_orders on orders  (cost=0.43..0.52 rows=1 width=4) (actual time=0.004..0.005 rows=0 loops=1493627)
                                       Index Cond: (o_orderkey = l1.l_orderkey)
                                       Filter: (o_orderstatus = 'F'::bpchar)
                                       Rows Removed by Filter: 1
                                       Buffers: shared hit=5960407 read=22291
                           ->  Index Scan using pk_lineitem on lineitem l2  (cost=0.56..1.15 rows=15 width=8) (actual time=0.006..0.006 rows=1 loops=721541)
                                 Index Cond: (l_orderkey = l1.l_orderkey)
                                 Filter: (l_suppkey <> l1.l_suppkey)
                                 Rows Removed by Filter: 0
                                 Buffers: shared hit=3449967 read=163172
                     ->  Index Scan using pk_lineitem on lineitem l3  (cost=0.56..1.15 rows=5 width=8) (actual time=0.003..0.003 rows=1 loops=695071)
                           Index Cond: (l_orderkey = l1.l_orderkey)
                           Filter: ((l_receiptdate > l_commitdate) AND (l_suppkey <> l1.l_suppkey))
                           Rows Removed by Filter: 1
                           Buffers: shared hit=3487571 read=2651
 Planning time: 10.215 ms
 Execution time: 42463.801 ms
(57 rows)

COMMIT;
COMMIT
