BEGIN;
BEGIN
EXPLAIN (ANALYZE, BUFFERS)
select
	c_custkey,
	c_name,
	sum(l_extendedprice * (1 - l_discount)) as revenue,
	c_acctbal,
	n_name,
	c_address,
	c_phone,
	c_comment
from
	customer,
	orders,
	lineitem,
	nation
where
	c_custkey = o_custkey
	and l_orderkey = o_orderkey
	and o_orderdate >= date '1993-02-01'
	and o_orderdate < cast(date '1993-02-01' + interval '3 month' as date)
	and l_returnflag = 'R'
	and c_nationkey = n_nationkey
group by
	c_custkey,
	c_name,
	c_acctbal,
	c_phone,
	n_name,
	c_address,
	c_comment
order by
	revenue desc
LIMIT 20;
                                                                                               QUERY PLAN                                                                                                
---------------------------------------------------------------------------------------------------------------------------------------------------------------------------------------------------------
 Limit  (cost=2279994.96..2279995.01 rows=20 width=175) (actual time=31110.935..31110.941 rows=20 loops=1)
   Buffers: shared hit=804944 read=555620
   ->  Sort  (cost=2279994.96..2281367.60 rows=549058 width=175) (actual time=31110.932..31110.934 rows=20 loops=1)
         Sort Key: (sum((lineitem.l_extendedprice * (1::double precision - lineitem.l_discount))))
         Sort Method: top-N heapsort  Memory: 30kB
         Buffers: shared hit=804944 read=555620
         ->  HashAggregate  (cost=2259894.14..2265384.72 rows=549058 width=175) (actual time=30755.728..30974.358 rows=372717 loops=1)
               Group Key: customer.c_custkey, customer.c_name, customer.c_acctbal, customer.c_phone, nation.n_name, customer.c_address, customer.c_comment
               Buffers: shared hit=804941 read=555620
               ->  Hash Join  (cost=344492.45..2246167.69 rows=549058 width=175) (actual time=7064.940..28903.259 rows=1113063 loops=1)
                     Hash Cond: (customer.c_nationkey = nation.n_nationkey)
                     Buffers: shared hit=804941 read=555620
                     ->  Hash Join  (cost=344490.89..2238616.58 rows=549058 width=153) (actual time=7064.908..28510.770 rows=1113063 loops=1)
                           Hash Cond: (orders.o_custkey = customer.c_custkey)
                           Buffers: shared hit=804940 read=555620
                           ->  Hash Join  (cost=275462.89..2161352.71 rows=549058 width=12) (actual time=5772.154..26544.219 rows=1113063 loops=1)
                                 Hash Cond: (lineitem.l_orderkey = orders.o_orderkey)
                                 Buffers: shared hit=769662 read=555620
                                 ->  Seq Scan on lineitem  (cost=0.00..1824306.54 rows=14958054 width=12) (actual time=0.050..17808.352 rows=14808721 loops=1)
                                       Filter: (l_returnflag = 'R'::bpchar)
                                       Rows Removed by Filter: 45177587
                                       Buffers: shared hit=567412 read=503325
                                 ->  Hash  (cost=268546.04..268546.04 rows=553348 width=8) (actual time=5768.773..5768.773 rows=555192 loops=1)
                                       Buckets: 1048576  Batches: 1  Memory Usage: 29880kB
                                       Buffers: shared hit=202250 read=52295
                                       ->  Bitmap Heap Scan on orders  (cost=5711.82..268546.04 rows=553348 width=8) (actual time=27.499..5579.280 rows=555192 loops=1)
                                             Recheck Cond: ((o_orderdate >= '1993-02-01'::date) AND (o_orderdate < '1993-05-01'::date))
                                             Rows Removed by Index Recheck: 14444808
                                             Heap Blocks: lossy=254534
                                             Buffers: shared hit=202250 read=52295
                                             ->  Bitmap Index Scan on orders_o_orderkey_o_orderdate_brin_idx  (cost=0.00..5573.48 rows=553348 width=0) (actual time=27.332..27.332 rows=2545920 loops=1)
                                                   Index Cond: ((o_orderdate >= '1993-02-01'::date) AND (o_orderdate < '1993-05-01'::date))
                                                   Buffers: shared hit=3 read=8
                           ->  Hash  (cost=50278.00..50278.00 rows=1500000 width=145) (actual time=1286.630..1286.630 rows=1500000 loops=1)
                                 Buckets: 2097152  Batches: 1  Memory Usage: 281501kB
                                 Buffers: shared hit=35278
                                 ->  Seq Scan on customer  (cost=0.00..50278.00 rows=1500000 width=145) (actual time=0.009..528.287 rows=1500000 loops=1)
                                       Buffers: shared hit=35278
                     ->  Hash  (cost=1.25..1.25 rows=25 width=30) (actual time=0.023..0.023 rows=25 loops=1)
                           Buckets: 1024  Batches: 1  Memory Usage: 10kB
                           Buffers: shared hit=1
                           ->  Seq Scan on nation  (cost=0.00..1.25 rows=25 width=30) (actual time=0.005..0.008 rows=25 loops=1)
                                 Buffers: shared hit=1
 Planning time: 3.720 ms
 Execution time: 31119.201 ms
(45 rows)

COMMIT;
COMMIT
