BEGIN;
BEGIN
EXPLAIN (ANALYZE, BUFFERS)
select
	l_shipmode,
	sum(case
		when o_orderpriority = '1-URGENT'
			or o_orderpriority = '2-HIGH'
			then 1
		else 0
	end) as high_line_count,
	sum(case
		when o_orderpriority <> '1-URGENT'
			and o_orderpriority <> '2-HIGH'
			then 1
		else 0
	end) as low_line_count
from
	orders,
	lineitem
where
	o_orderkey = l_orderkey
	and l_shipmode in ('RAIL', 'MAIL')
	and l_commitdate < l_receiptdate
	and l_shipdate < l_commitdate
	and l_receiptdate >= date '1995-01-01'
	and l_receiptdate < date '1995-01-01' + interval '1 year'
group by
	l_shipmode
order by
	l_shipmode;
                                                                                                                            QUERY PLAN                                                                                                                            
------------------------------------------------------------------------------------------------------------------------------------------------------------------------------------------------------------------------------------------------------------------
 Sort  (cost=3035095.44..3035095.44 rows=1 width=27) (actual time=33374.892..33374.893 rows=2 loops=1)
   Sort Key: lineitem.l_shipmode
   Sort Method: quicksort  Memory: 25kB
   Buffers: shared hit=428708 read=896571
   ->  HashAggregate  (cost=3035095.42..3035095.43 rows=1 width=27) (actual time=33374.845..33374.846 rows=2 loops=1)
         Group Key: lineitem.l_shipmode
         Buffers: shared hit=428703 read=896571
         ->  Hash Join  (cost=593719.70..3029993.12 rows=291560 width=27) (actual time=8536.657..33053.210 rows=311391 loops=1)
               Hash Cond: (lineitem.l_orderkey = orders.o_orderkey)
               Buffers: shared hit=428703 read=896571
               ->  Seq Scan on lineitem  (cost=0.00..2427162.17 rows=291560 width=15) (actual time=0.034..24194.685 rows=311391 loops=1)
                     Filter: ((l_shipmode = ANY ('{RAIL,MAIL}'::bpchar[])) AND (l_commitdate < l_receiptdate) AND (l_shipdate < l_commitdate) AND (l_receiptdate >= '1995-01-01'::date) AND (l_receiptdate < '1996-01-01 00:00:00'::timestamp without time zone))
                     Rows Removed by Filter: 59674917
                     Buffers: shared hit=174715 read=896022
               ->  Hash  (cost=405283.20..405283.20 rows=15074920 width=20) (actual time=8491.426..8491.426 rows=15000000 loops=1)
                     Buckets: 16777216  Batches: 1  Memory Usage: 892791kB
                     Buffers: shared hit=253985 read=549
                     ->  Seq Scan on orders  (cost=0.00..405283.20 rows=15074920 width=20) (actual time=0.012..4096.852 rows=15000000 loops=1)
                           Buffers: shared hit=253985 read=549
 Planning time: 2.237 ms
 Execution time: 33379.016 ms
(21 rows)

COMMIT;
COMMIT
