BEGIN;
BEGIN
EXPLAIN (ANALYZE, BUFFERS)
select
	c_custkey,
	c_name,
	sum(l_extendedprice * (1 - l_discount)) as revenue,
	c_acctbal,
	n_name,
	c_address,
	c_phone,
	c_comment
from
	customer,
	orders,
	lineitem,
	nation
where
	c_custkey = o_custkey
	and l_orderkey = o_orderkey
	and o_orderdate >= date '1993-11-01'
	and o_orderdate < cast(date '1993-11-01' + interval '3 month' as date)
	and l_returnflag = 'R'
	and c_nationkey = n_nationkey
group by
	c_custkey,
	c_name,
	c_acctbal,
	c_phone,
	n_name,
	c_address,
	c_comment
order by
	revenue desc
LIMIT 20;
                                                                                               QUERY PLAN                                                                                                
---------------------------------------------------------------------------------------------------------------------------------------------------------------------------------------------------------
 Limit  (cost=2283714.85..2283714.90 rows=20 width=175) (actual time=29747.977..29747.983 rows=20 loops=1)
   Buffers: shared hit=970114 read=390450
   ->  Sort  (cost=2283714.85..2285154.69 rows=575935 width=175) (actual time=29747.974..29747.978 rows=20 loops=1)
         Sort Key: (sum((lineitem.l_extendedprice * (1::double precision - lineitem.l_discount))))
         Sort Method: top-N heapsort  Memory: 30kB
         Buffers: shared hit=970114 read=390450
         ->  HashAggregate  (cost=2262630.08..2268389.43 rows=575935 width=175) (actual time=29378.427..29608.521 rows=381266 loops=1)
               Group Key: customer.c_custkey, customer.c_name, customer.c_acctbal, customer.c_phone, nation.n_name, customer.c_address, customer.c_comment
               Buffers: shared hit=970111 read=390450
               ->  Hash Join  (cost=345514.99..2248231.71 rows=575935 width=175) (actual time=5969.168..27413.936 rows=1147063 loops=1)
                     Hash Cond: (customer.c_nationkey = nation.n_nationkey)
                     Buffers: shared hit=970111 read=390450
                     ->  Hash Join  (cost=345513.42..2240311.04 rows=575935 width=153) (actual time=5969.131..27006.095 rows=1147063 loops=1)
                           Hash Cond: (orders.o_custkey = customer.c_custkey)
                           Buffers: shared hit=970110 read=390450
                           ->  Hash Join  (cost=276485.42..2162644.01 rows=575935 width=12) (actual time=4621.871..24934.548 rows=1147063 loops=1)
                                 Hash Cond: (lineitem.l_orderkey = orders.o_orderkey)
                                 Buffers: shared hit=934832 read=390450
                                 ->  Seq Scan on lineitem  (cost=0.00..1824306.54 rows=14958054 width=12) (actual time=0.020..17358.034 rows=14808721 loops=1)
                                       Filter: (l_returnflag = 'R'::bpchar)
                                       Rows Removed by Filter: 45177587
                                       Buffers: shared hit=680287 read=390450
                                 ->  Hash  (cost=269229.99..269229.99 rows=580435 width=8) (actual time=4618.524..4618.524 rows=573511 loops=1)
                                       Buckets: 1048576  Batches: 1  Memory Usage: 30595kB
                                       Buffers: shared hit=254545
                                       ->  Bitmap Heap Scan on orders  (cost=5989.46..269229.99 rows=580435 width=8) (actual time=27.490..4448.579 rows=573511 loops=1)
                                             Recheck Cond: ((o_orderdate >= '1993-11-01'::date) AND (o_orderdate < '1994-02-01'::date))
                                             Rows Removed by Index Recheck: 14426489
                                             Heap Blocks: lossy=254534
                                             Buffers: shared hit=254545
                                             ->  Bitmap Index Scan on orders_o_orderkey_o_orderdate_brin_idx  (cost=0.00..5844.35 rows=580435 width=0) (actual time=27.324..27.324 rows=2545920 loops=1)
                                                   Index Cond: ((o_orderdate >= '1993-11-01'::date) AND (o_orderdate < '1994-02-01'::date))
                                                   Buffers: shared hit=11
                           ->  Hash  (cost=50278.00..50278.00 rows=1500000 width=145) (actual time=1341.240..1341.240 rows=1500000 loops=1)
                                 Buckets: 2097152  Batches: 1  Memory Usage: 281501kB
                                 Buffers: shared hit=35278
                                 ->  Seq Scan on customer  (cost=0.00..50278.00 rows=1500000 width=145) (actual time=0.007..521.096 rows=1500000 loops=1)
                                       Buffers: shared hit=35278
                     ->  Hash  (cost=1.25..1.25 rows=25 width=30) (actual time=0.017..0.017 rows=25 loops=1)
                           Buckets: 1024  Batches: 1  Memory Usage: 10kB
                           Buffers: shared hit=1
                           ->  Seq Scan on nation  (cost=0.00..1.25 rows=25 width=30) (actual time=0.004..0.008 rows=25 loops=1)
                                 Buffers: shared hit=1
 Planning time: 3.527 ms
 Execution time: 29756.188 ms
(45 rows)

COMMIT;
COMMIT
