BEGIN;
BEGIN
EXPLAIN (ANALYZE, BUFFERS)
select
	l_shipmode,
	sum(case
		when o_orderpriority = '1-URGENT'
			or o_orderpriority = '2-HIGH'
			then 1
		else 0
	end) as high_line_count,
	sum(case
		when o_orderpriority <> '1-URGENT'
			and o_orderpriority <> '2-HIGH'
			then 1
		else 0
	end) as low_line_count
from
	orders,
	lineitem
where
	o_orderkey = l_orderkey
	and l_shipmode in ('AIR', 'MAIL')
	and l_commitdate < l_receiptdate
	and l_shipdate < l_commitdate
	and l_receiptdate >= date '1995-01-01'
	and l_receiptdate < date '1995-01-01' + interval '1 year'
group by
	l_shipmode
order by
	l_shipmode;
                                                                                                                           QUERY PLAN                                                                                                                            
-----------------------------------------------------------------------------------------------------------------------------------------------------------------------------------------------------------------------------------------------------------------
 Sort  (cost=3035033.23..3035033.24 rows=1 width=27) (actual time=34038.162..34038.162 rows=2 loops=1)
   Sort Key: lineitem.l_shipmode
   Sort Method: quicksort  Memory: 25kB
   Buffers: shared hit=760517 read=564762 dirtied=317 written=3210
   ->  HashAggregate  (cost=3035033.21..3035033.22 rows=1 width=27) (actual time=34038.110..34038.110 rows=2 loops=1)
         Group Key: lineitem.l_shipmode
         Buffers: shared hit=760512 read=564762 dirtied=317 written=3210
         ->  Hash Join  (cost=593719.70..3029953.24 rows=290284 width=27) (actual time=9710.480..33718.687 rows=312271 loops=1)
               Hash Cond: (lineitem.l_orderkey = orders.o_orderkey)
               Buffers: shared hit=760512 read=564762 dirtied=317 written=3210
               ->  Seq Scan on lineitem  (cost=0.00..2427162.17 rows=290284 width=15) (actual time=0.034..23682.981 rows=312271 loops=1)
                     Filter: ((l_shipmode = ANY ('{AIR,MAIL}'::bpchar[])) AND (l_commitdate < l_receiptdate) AND (l_shipdate < l_commitdate) AND (l_receiptdate >= '1995-01-01'::date) AND (l_receiptdate < '1996-01-01 00:00:00'::timestamp without time zone))
                     Rows Removed by Filter: 59733950
                     Buffers: shared hit=565174 read=505563
               ->  Hash  (cost=405283.20..405283.20 rows=15074920 width=20) (actual time=9665.723..9665.723 rows=15015000 loops=1)
                     Buckets: 16777216  Batches: 1  Memory Usage: 893553kB
                     Buffers: shared hit=195335 read=59199 dirtied=317 written=3210
                     ->  Seq Scan on orders  (cost=0.00..405283.20 rows=15074920 width=20) (actual time=0.007..4609.304 rows=15015000 loops=1)
                           Buffers: shared hit=195335 read=59199 dirtied=317 written=3210
 Planning time: 2.340 ms
 Execution time: 34042.687 ms
(21 rows)

COMMIT;
COMMIT
