BEGIN;
BEGIN
EXPLAIN (ANALYZE, BUFFERS)
select
	c_custkey,
	c_name,
	sum(l_extendedprice * (1 - l_discount)) as revenue,
	c_acctbal,
	n_name,
	c_address,
	c_phone,
	c_comment
from
	customer,
	orders,
	lineitem,
	nation
where
	c_custkey = o_custkey
	and l_orderkey = o_orderkey
	and o_orderdate >= date '1993-08-01'
	and o_orderdate < cast(date '1993-08-01' + interval '3 month' as date)
	and l_returnflag = 'R'
	and c_nationkey = n_nationkey
group by
	c_custkey,
	c_name,
	c_acctbal,
	c_phone,
	n_name,
	c_address,
	c_comment
order by
	revenue desc
LIMIT 20;
                                                                                               QUERY PLAN                                                                                                
---------------------------------------------------------------------------------------------------------------------------------------------------------------------------------------------------------
 Limit  (cost=2283714.85..2283714.90 rows=20 width=175) (actual time=31720.240..31720.246 rows=20 loops=1)
   Buffers: shared hit=931571 read=428993
   ->  Sort  (cost=2283714.85..2285154.69 rows=575935 width=175) (actual time=31720.237..31720.240 rows=20 loops=1)
         Sort Key: (sum((lineitem.l_extendedprice * (1::double precision - lineitem.l_discount))))
         Sort Method: top-N heapsort  Memory: 30kB
         Buffers: shared hit=931571 read=428993
         ->  HashAggregate  (cost=2262630.08..2268389.43 rows=575935 width=175) (actual time=31392.410..31581.026 rows=381620 loops=1)
               Group Key: customer.c_custkey, customer.c_name, customer.c_acctbal, customer.c_phone, nation.n_name, customer.c_address, customer.c_comment
               Buffers: shared hit=931568 read=428993
               ->  Hash Join  (cost=345514.99..2248231.71 rows=575935 width=175) (actual time=7539.675..29504.948 rows=1146323 loops=1)
                     Hash Cond: (customer.c_nationkey = nation.n_nationkey)
                     Buffers: shared hit=931568 read=428993
                     ->  Hash Join  (cost=345513.42..2240311.04 rows=575935 width=153) (actual time=7539.646..29098.443 rows=1146323 loops=1)
                           Hash Cond: (orders.o_custkey = customer.c_custkey)
                           Buffers: shared hit=931567 read=428993
                           ->  Hash Join  (cost=276485.42..2162644.01 rows=575935 width=12) (actual time=6110.523..26989.028 rows=1146323 loops=1)
                                 Hash Cond: (lineitem.l_orderkey = orders.o_orderkey)
                                 Buffers: shared hit=913734 read=411548
                                 ->  Seq Scan on lineitem  (cost=0.00..1824306.54 rows=14958054 width=12) (actual time=0.046..17918.494 rows=14808721 loops=1)
                                       Filter: (l_returnflag = 'R'::bpchar)
                                       Rows Removed by Filter: 45177587
                                       Buffers: shared hit=731797 read=338940
                                 ->  Hash  (cost=269229.99..269229.99 rows=580435 width=8) (actual time=6107.167..6107.167 rows=573764 loops=1)
                                       Buckets: 1048576  Batches: 1  Memory Usage: 30605kB
                                       Buffers: shared hit=181937 read=72608
                                       ->  Bitmap Heap Scan on orders  (cost=5989.46..269229.99 rows=580435 width=8) (actual time=27.505..5904.407 rows=573764 loops=1)
                                             Recheck Cond: ((o_orderdate >= '1993-08-01'::date) AND (o_orderdate < '1993-11-01'::date))
                                             Rows Removed by Index Recheck: 14426236
                                             Heap Blocks: lossy=254534
                                             Buffers: shared hit=181937 read=72608
                                             ->  Bitmap Index Scan on orders_o_orderkey_o_orderdate_brin_idx  (cost=0.00..5844.35 rows=580435 width=0) (actual time=27.346..27.346 rows=2545920 loops=1)
                                                   Index Cond: ((o_orderdate >= '1993-08-01'::date) AND (o_orderdate < '1993-11-01'::date))
                                                   Buffers: shared hit=2 read=9
                           ->  Hash  (cost=50278.00..50278.00 rows=1500000 width=145) (actual time=1423.044..1423.044 rows=1500000 loops=1)
                                 Buckets: 2097152  Batches: 1  Memory Usage: 281501kB
                                 Buffers: shared hit=17833 read=17445
                                 ->  Seq Scan on customer  (cost=0.00..50278.00 rows=1500000 width=145) (actual time=0.006..652.518 rows=1500000 loops=1)
                                       Buffers: shared hit=17833 read=17445
                     ->  Hash  (cost=1.25..1.25 rows=25 width=30) (actual time=0.019..0.019 rows=25 loops=1)
                           Buckets: 1024  Batches: 1  Memory Usage: 10kB
                           Buffers: shared hit=1
                           ->  Seq Scan on nation  (cost=0.00..1.25 rows=25 width=30) (actual time=0.006..0.010 rows=25 loops=1)
                                 Buffers: shared hit=1
 Planning time: 4.332 ms
 Execution time: 31728.535 ms
(45 rows)

COMMIT;
COMMIT
