BEGIN;
BEGIN
EXPLAIN (ANALYZE, BUFFERS)
select
	l_shipmode,
	sum(case
		when o_orderpriority = '1-URGENT'
			or o_orderpriority = '2-HIGH'
			then 1
		else 0
	end) as high_line_count,
	sum(case
		when o_orderpriority <> '1-URGENT'
			and o_orderpriority <> '2-HIGH'
			then 1
		else 0
	end) as low_line_count
from
	orders,
	lineitem
where
	o_orderkey = l_orderkey
	and l_shipmode in ('MAIL', 'TRUCK')
	and l_commitdate < l_receiptdate
	and l_shipdate < l_commitdate
	and l_receiptdate >= date '1994-01-01'
	and l_receiptdate < date '1994-01-01' + interval '1 year'
group by
	l_shipmode
order by
	l_shipmode;
                                                                                                                            QUERY PLAN                                                                                                                             
-------------------------------------------------------------------------------------------------------------------------------------------------------------------------------------------------------------------------------------------------------------------
 Sort  (cost=3035039.62..3035039.62 rows=1 width=27) (actual time=33439.766..33439.766 rows=2 loops=1)
   Sort Key: lineitem.l_shipmode
   Sort Method: quicksort  Memory: 25kB
   Buffers: shared hit=869911 read=455368 written=8
   ->  HashAggregate  (cost=3035039.60..3035039.61 rows=1 width=27) (actual time=33439.712..33439.712 rows=2 loops=1)
         Group Key: lineitem.l_shipmode
         Buffers: shared hit=869906 read=455368 written=8
         ->  Hash Join  (cost=593719.70..3029957.34 rows=290415 width=27) (actual time=9588.498..33135.159 rows=310565 loops=1)
               Hash Cond: (lineitem.l_orderkey = orders.o_orderkey)
               Buffers: shared hit=869906 read=455368 written=8
               ->  Seq Scan on lineitem  (cost=0.00..2427162.17 rows=290415 width=15) (actual time=0.020..23207.271 rows=310565 loops=1)
                     Filter: ((l_shipmode = ANY ('{MAIL,TRUCK}'::bpchar[])) AND (l_commitdate < l_receiptdate) AND (l_shipdate < l_commitdate) AND (l_receiptdate >= '1994-01-01'::date) AND (l_receiptdate < '1995-01-01 00:00:00'::timestamp without time zone))
                     Rows Removed by Filter: 59675743
                     Buffers: shared hit=739999 read=330738
               ->  Hash  (cost=405283.20..405283.20 rows=15074920 width=20) (actual time=9543.854..9543.854 rows=15000000 loops=1)
                     Buckets: 16777216  Batches: 1  Memory Usage: 892791kB
                     Buffers: shared hit=129904 read=124630 written=8
                     ->  Seq Scan on orders  (cost=0.00..405283.20 rows=15074920 width=20) (actual time=0.009..4855.407 rows=15000000 loops=1)
                           Buffers: shared hit=129904 read=124630 written=8
 Planning time: 2.285 ms
 Execution time: 33445.069 ms
(21 rows)

COMMIT;
COMMIT
