BEGIN;
BEGIN
EXPLAIN (ANALYZE, BUFFERS)
select
	c_custkey,
	c_name,
	sum(l_extendedprice * (1 - l_discount)) as revenue,
	c_acctbal,
	n_name,
	c_address,
	c_phone,
	c_comment
from
	customer,
	orders,
	lineitem,
	nation
where
	c_custkey = o_custkey
	and l_orderkey = o_orderkey
	and o_orderdate >= date '1994-05-01'
	and o_orderdate < cast(date '1994-05-01' + interval '3 month' as date)
	and l_returnflag = 'R'
	and c_nationkey = n_nationkey
group by
	c_custkey,
	c_name,
	c_acctbal,
	c_phone,
	n_name,
	c_address,
	c_comment
order by
	revenue desc
LIMIT 20;
                                                                                               QUERY PLAN                                                                                                
---------------------------------------------------------------------------------------------------------------------------------------------------------------------------------------------------------
 Limit  (cost=2278277.40..2278277.45 rows=20 width=175) (actual time=33274.425..33274.430 rows=20 loops=1)
   Buffers: shared hit=433497 read=924429 dirtied=508 written=343
   ->  Sort  (cost=2278277.40..2279695.79 rows=567356 width=175) (actual time=33274.423..33274.425 rows=20 loops=1)
         Sort Key: (sum((lineitem.l_extendedprice * (1::double precision - lineitem.l_discount))))
         Sort Method: top-N heapsort  Memory: 30kB
         Buffers: shared hit=433497 read=924429 dirtied=508 written=343
         ->  HashAggregate  (cost=2257506.70..2263180.26 rows=567356 width=175) (actual time=32941.673..33134.999 rows=381796 loops=1)
               Group Key: customer.c_custkey, customer.c_name, customer.c_acctbal, customer.c_phone, nation.n_name, customer.c_address, customer.c_comment
               Buffers: shared hit=433494 read=924429 dirtied=508 written=343
               ->  Hash Join  (cost=344682.67..2243322.80 rows=567356 width=175) (actual time=8898.997..31012.279 rows=1149942 loops=1)
                     Hash Cond: (customer.c_nationkey = nation.n_nationkey)
                     Buffers: shared hit=433494 read=924429 dirtied=508 written=343
                     ->  Hash Join  (cost=344681.11..2235520.09 rows=567356 width=153) (actual time=8898.966..30603.577 rows=1149942 loops=1)
                           Hash Cond: (orders.o_custkey = customer.c_custkey)
                           Buffers: shared hit=433493 read=924429 dirtied=508 written=343
                           ->  Hash Join  (cost=275653.11..2157981.75 rows=567356 width=12) (actual time=7355.526..28218.824 rows=1149942 loops=1)
                                 Hash Cond: (lineitem.l_orderkey = orders.o_orderkey)
                                 Buffers: shared hit=433491 read=889153 dirtied=508 written=325
                                 ->  Seq Scan on lineitem  (cost=0.00..1820674.08 rows=14928270 width=12) (actual time=0.035..17528.273 rows=14823192 loops=1)
                                       Filter: (l_returnflag = 'R'::bpchar)
                                       Rows Removed by Filter: 45222187
                                       Buffers: shared hit=365682 read=702923
                                 ->  Hash  (cost=268505.72..268505.72 rows=571791 width=8) (actual time=7352.137..7352.137 rows=574587 loops=1)
                                       Buckets: 1048576  Batches: 1  Memory Usage: 30637kB
                                       Buffers: shared hit=67809 read=186230 dirtied=508 written=325
                                       ->  Bitmap Heap Scan on orders  (cost=5900.85..268505.72 rows=571791 width=8) (actual time=27.483..7103.120 rows=574587 loops=1)
                                             Recheck Cond: ((o_orderdate >= '1994-05-01'::date) AND (o_orderdate < '1994-08-01'::date))
                                             Rows Removed by Index Recheck: 14440413
                                             Heap Blocks: lossy=254028
                                             Buffers: shared hit=67809 read=186230 dirtied=508 written=325
                                             ->  Bitmap Index Scan on orders_o_orderkey_o_orderdate_brin_idx  (cost=0.00..5757.91 rows=571791 width=0) (actual time=27.310..27.310 rows=2540800 loops=1)
                                                   Index Cond: ((o_orderdate >= '1994-05-01'::date) AND (o_orderdate < '1994-08-01'::date))
                                                   Buffers: shared hit=3 read=8
                           ->  Hash  (cost=50278.00..50278.00 rows=1500000 width=145) (actual time=1537.300..1537.300 rows=1500000 loops=1)
                                 Buckets: 2097152  Batches: 1  Memory Usage: 281501kB
                                 Buffers: shared hit=2 read=35276 written=18
                                 ->  Seq Scan on customer  (cost=0.00..50278.00 rows=1500000 width=145) (actual time=0.006..757.066 rows=1500000 loops=1)
                                       Buffers: shared hit=2 read=35276 written=18
                     ->  Hash  (cost=1.25..1.25 rows=25 width=30) (actual time=0.019..0.019 rows=25 loops=1)
                           Buckets: 1024  Batches: 1  Memory Usage: 10kB
                           Buffers: shared hit=1
                           ->  Seq Scan on nation  (cost=0.00..1.25 rows=25 width=30) (actual time=0.004..0.007 rows=25 loops=1)
                                 Buffers: shared hit=1
 Planning time: 4.010 ms
 Execution time: 33284.535 ms
(45 rows)

COMMIT;
COMMIT
