BEGIN;
BEGIN
EXPLAIN (ANALYZE, BUFFERS)
select
	l_shipmode,
	sum(case
		when o_orderpriority = '1-URGENT'
			or o_orderpriority = '2-HIGH'
			then 1
		else 0
	end) as high_line_count,
	sum(case
		when o_orderpriority <> '1-URGENT'
			and o_orderpriority <> '2-HIGH'
			then 1
		else 0
	end) as low_line_count
from
	orders,
	lineitem
where
	o_orderkey = l_orderkey
	and l_shipmode in ('TRUCK', 'MAIL')
	and l_commitdate < l_receiptdate
	and l_shipdate < l_commitdate
	and l_receiptdate >= date '1994-01-01'
	and l_receiptdate < date '1994-01-01' + interval '1 year'
group by
	l_shipmode
order by
	l_shipmode;
                                                                                                                            QUERY PLAN                                                                                                                             
-------------------------------------------------------------------------------------------------------------------------------------------------------------------------------------------------------------------------------------------------------------------
 Sort  (cost=3035039.62..3035039.62 rows=1 width=27) (actual time=32227.977..32227.977 rows=2 loops=1)
   Sort Key: lineitem.l_shipmode
   Sort Method: quicksort  Memory: 25kB
   Buffers: shared hit=1080836 read=244443
   ->  HashAggregate  (cost=3035039.60..3035039.61 rows=1 width=27) (actual time=32227.926..32227.926 rows=2 loops=1)
         Group Key: lineitem.l_shipmode
         Buffers: shared hit=1080831 read=244443
         ->  Hash Join  (cost=593719.70..3029957.34 rows=290415 width=27) (actual time=9266.869..31919.479 rows=310565 loops=1)
               Hash Cond: (lineitem.l_orderkey = orders.o_orderkey)
               Buffers: shared hit=1080831 read=244443
               ->  Seq Scan on lineitem  (cost=0.00..2427162.17 rows=290415 width=15) (actual time=0.211..22342.223 rows=310565 loops=1)
                     Filter: ((l_shipmode = ANY ('{TRUCK,MAIL}'::bpchar[])) AND (l_commitdate < l_receiptdate) AND (l_shipdate < l_commitdate) AND (l_receiptdate >= '1994-01-01'::date) AND (l_receiptdate < '1995-01-01 00:00:00'::timestamp without time zone))
                     Rows Removed by Filter: 59675743
                     Buffers: shared hit=896988 read=173749
               ->  Hash  (cost=405283.20..405283.20 rows=15074920 width=20) (actual time=9221.967..9221.967 rows=15000000 loops=1)
                     Buckets: 16777216  Batches: 1  Memory Usage: 892791kB
                     Buffers: shared hit=183840 read=70694
                     ->  Seq Scan on orders  (cost=0.00..405283.20 rows=15074920 width=20) (actual time=0.010..4616.929 rows=15000000 loops=1)
                           Buffers: shared hit=183840 read=70694
 Planning time: 2.829 ms
 Execution time: 32233.546 ms
(21 rows)

COMMIT;
COMMIT
