BEGIN;
BEGIN
EXPLAIN (ANALYZE, BUFFERS)
select
	s_name,
	count(*) as numwait
from
	supplier,
	lineitem l1,
	orders,
	nation
where
	s_suppkey = l1.l_suppkey
	and o_orderkey = l1.l_orderkey
	and o_orderstatus = 'F'
	and l1.l_receiptdate > l1.l_commitdate
	and exists (
		select
			*
		from
			lineitem l2
		where
			l2.l_orderkey = l1.l_orderkey
			and l2.l_suppkey <> l1.l_suppkey
	)
	and not exists (
		select
			*
		from
			lineitem l3
		where
			l3.l_orderkey = l1.l_orderkey
			and l3.l_suppkey <> l1.l_suppkey
			and l3.l_receiptdate > l3.l_commitdate
	)
	and s_nationkey = n_nationkey
	and n_name = 'UNITED KINGDOM'
group by
	s_name
order by
	numwait desc,
	s_name
LIMIT 100;
                                                                                                  QUERY PLAN                                                                                                  
--------------------------------------------------------------------------------------------------------------------------------------------------------------------------------------------------------------
 Limit  (cost=2856698.82..2856698.83 rows=1 width=26) (actual time=39940.377..39940.393 rows=100 loops=1)
   Buffers: shared hit=13209558 read=1043264
   ->  Sort  (cost=2856698.82..2856698.83 rows=1 width=26) (actual time=39940.375..39940.380 rows=100 loops=1)
         Sort Key: (count(*)), supplier.s_name
         Sort Method: top-N heapsort  Memory: 32kB
         Buffers: shared hit=13209558 read=1043264
         ->  HashAggregate  (cost=2856698.80..2856698.81 rows=1 width=26) (actual time=39938.199..39939.232 rows=3973 loops=1)
               Group Key: supplier.s_name
               Buffers: shared hit=13209550 read=1043264
               ->  Nested Loop Anti Join  (cost=2406.88..2856698.80 rows=1 width=26) (actual time=32.757..39891.448 rows=39503 loops=1)
                     Buffers: shared hit=13209550 read=1043264
                     ->  Nested Loop Semi Join  (cost=2406.31..2856697.02 rows=1 width=34) (actual time=32.461..37085.347 rows=699847 loops=1)
                           Join Filter: (orders.o_orderkey = l2.l_orderkey)
                           Buffers: shared hit=9697603 read=1040677
                           ->  Nested Loop  (cost=2405.75..2333259.32 rows=391744 width=38) (actual time=32.432..32965.465 rows=726092 loops=1)
                                 Buffers: shared hit=6095739 read=1006312
                                 ->  Hash Join  (cost=2405.31..1910106.89 rows=803808 width=34) (actual time=32.340..24945.928 rows=1505234 loops=1)
                                       Hash Cond: (l1.l_suppkey = supplier.s_suppkey)
                                       Buffers: shared hit=180300 read=892622
                                       ->  Seq Scan on lineitem l1  (cost=0.00..1824306.54 rows=20095188 width=8) (actual time=0.012..18947.326 rows=37929015 loops=1)
                                             Filter: (l_receiptdate > l_commitdate)
                                             Rows Removed by Filter: 22057293
                                             Buffers: shared hit=178115 read=892622
                                       ->  Hash  (cost=2355.31..2355.31 rows=4000 width=30) (actual time=32.285..32.285 rows=3973 loops=1)
                                             Buckets: 4096  Batches: 1  Memory Usage: 281kB
                                             Buffers: shared hit=2182
                                             ->  Nested Loop  (cost=43.00..2355.31 rows=4000 width=30) (actual time=0.271..31.264 rows=3973 loops=1)
                                                   Buffers: shared hit=2182
                                                   ->  Seq Scan on nation  (cost=0.00..1.31 rows=1 width=4) (actual time=0.006..0.008 rows=1 loops=1)
                                                         Filter: (n_name = 'UNITED KINGDOM'::bpchar)
                                                         Rows Removed by Filter: 24
                                                         Buffers: shared hit=1
                                                   ->  Bitmap Heap Scan on supplier  (cost=43.00..2314.00 rows=4000 width=34) (actual time=0.256..30.596 rows=3973 loops=1)
                                                         Recheck Cond: (s_nationkey = nation.n_nationkey)
                                                         Rows Removed by Index Recheck: 96027
                                                         Heap Blocks: lossy=2179
                                                         Buffers: shared hit=2181
                                                         ->  Bitmap Index Scan on supplier_s_nationkey_s_suppkey_brin_idx  (cost=0.00..42.00 rows=4000 width=0) (actual time=0.241..0.241 rows=23040 loops=1)
                                                               Index Cond: (s_nationkey = nation.n_nationkey)
                                                               Buffers: shared hit=2
                                 ->  Index Scan using pk_orders on orders  (cost=0.43..0.52 rows=1 width=4) (actual time=0.005..0.005 rows=0 loops=1505234)
                                       Index Cond: (o_orderkey = l1.l_orderkey)
                                       Filter: (o_orderstatus = 'F'::bpchar)
                                       Rows Removed by Filter: 1
                                       Buffers: shared hit=5915439 read=113690
                           ->  Index Scan using pk_lineitem on lineitem l2  (cost=0.56..1.15 rows=15 width=8) (actual time=0.005..0.005 rows=1 loops=726092)
                                 Index Cond: (l_orderkey = l1.l_orderkey)
                                 Filter: (l_suppkey <> l1.l_suppkey)
                                 Rows Removed by Filter: 0
                                 Buffers: shared hit=3601864 read=34365
                     ->  Index Scan using pk_lineitem on lineitem l3  (cost=0.56..1.15 rows=5 width=8) (actual time=0.003..0.003 rows=1 loops=699847)
                           Index Cond: (l_orderkey = l1.l_orderkey)
                           Filter: ((l_receiptdate > l_commitdate) AND (l_suppkey <> l1.l_suppkey))
                           Rows Removed by Filter: 1
                           Buffers: shared hit=3511947 read=2587
 Planning time: 9.318 ms
 Execution time: 39940.653 ms
(57 rows)

COMMIT;
COMMIT
